<?xml version="1.0" encoding="UTF-8"?>
<!-- Generated by org.testng.reporters.JUnitReportReporter -->
<testsuite skipped="0" hostname="Kalyan-PC" name="kal.com.GitJenkinsTest" tests="1" failures="0" timestamp="2020-01-16T16:13:55 IST" time="0.020" errors="0">
  <testcase name="display" time="0.020" classname="kal.com.GitJenkinsTest"/>
</testsuite> <!-- kal.com.GitJenkinsTest -->
